ren fdeadfe39d21fb9ba8b0d4cac4636686.jpg PIC2001.jpg 
ren 17c9e97689c54e953c431c2e2e73c0b9.jpg PIC2002.jpg 
ren 49b9e716c5cadb14ba6b9d7c90cacb5f.jpg PIC2003.jpg 
ren 5fcb21a736645659b11f1a012611a17a.jpg PIC2004.jpg 
ren 188b1c4d4cde4a4e0e4cbe7faa49dfba.jpg PIC2005.jpg 
ren 94e1b8243f5ef6fc64a0ea99ffdaab92.jpg PIC2006.jpg 
ren c6b5cd7c366c2ea51ea540f9df663720.jpg PIC2007.jpg 
ren 1d0092b5fd06760e795d1aa514b66180.jpg PIC2008.jpg 
ren d08397f801dbfc17015ecdf0c075d62f.jpg PIC2009.jpg 
ren 1e5e5825eeac3aed8b0bd14052657fdd.jpg PIC2010.jpg 
ren 73f2c42947fe551a12e171d5175add87.jpg PIC2011.jpg 
ren d88e31a6591363df4f835424a0536fed.jpg PIC2012.jpg 
ren 9ef46764e16242d4a8025aba77eb1807.jpg PIC2013.jpg 
ren 4a0ac7fd633f92a04340769292236f0a.jpg PIC2014.jpg 
ren buyhelp_2.jpg PIC2015.jpg 
ren buyhelp_3.jpg PIC2016.jpg 
ren buyhelp_1.jpg PIC2017.jpg 
ren image073.jpg-7de8532fef857a2d9929182ecbe5ab9c-f7075afbae7e027ea590b1f49e3f8ea0 PIC2018.jpg 
ren image074.jpg-488172dda56973331964b85caf4eb773-f1075afbae7e027ea590b1f49e3f8ea0 PIC2019.jpg 
ren image075.jpg-bdbe598a9476179df17ed42ead11580bafbae7e027ea590b1f49e3f8ea0 PIC2020.jpg 
ren image076.jpg-d5cca4f286eb114904c512be15e9dfabafbae7e027ea590b1f49e3f8ea0 PIC2021.jpg 
ren image077.jpg-3bc9287d66c286f1064e7161d43f32d7afbae7e027ea590b1f49e3f8ea0 PIC2022.jpg 
ren image072.jpg-4d74d7bfc8eb6e77e8ad9bd379320088be4411623d2ed08a4321d685b1 PIC2023.jpg 
ren return_flow.jpg PIC2024.jpg 
ren image051.jpg-5532c8756ebf45b61adc3e1d67997f6faa1a7d3757ff46879cb50791db27e8 PIC2025.jpg 
Success 
ren 001.jpg PIC2001.jpg 
ren 002.jpg PIC2002.jpg 
ren 003.jpg PIC2003.jpg 
ren 004.jpg PIC2004.jpg 
ren 005.jpg PIC2005.jpg 
ren 006.jpg PIC2006.jpg 
ren 007.jpg PIC2007.jpg 
ren 008.jpg PIC2008.jpg 
ren 009.jpg PIC2009.jpg 
ren 010.jpg PIC2010.jpg 
ren 011.jpg PIC2011.jpg 
ren 012.jpg PIC2012.jpg 
ren 013.jpg PIC2013.jpg 
ren 014.jpg PIC2014.jpg 
ren 015.jpg PIC2015.jpg 
ren 016.jpg PIC2016.jpg 
ren 017.jpg PIC2017.jpg 
ren image073.jpg-7de8532fef857a2d9929182ecbe5ab9c-f7075afbae7e027ea590b1f49e3f8ea0 PIC2018.jpg 
ren image074.jpg-488172dda56973331964b85caf4eb773-f1075afbae7e027ea590b1f49e3f8ea0 PIC2019.jpg 
ren image075.jpg-bdbe598a9476179df17ed42ead11580bafbae7e027ea590b1f49e3f8ea0 PIC2020.jpg 
ren image076.jpg-d5cca4f286eb114904c512be15e9dfabafbae7e027ea590b1f49e3f8ea0 PIC2021.jpg 
ren image077.jpg-3bc9287d66c286f1064e7161d43f32d7afbae7e027ea590b1f49e3f8ea0 PIC2022.jpg 
ren image072.jpg-4d74d7bfc8eb6e77e8ad9bd379320088be4411623d2ed08a4321d685b1 PIC2023.jpg 
ren 024.jpg PIC2024.jpg 
ren image051.jpg-5532c8756ebf45b61adc3e1d67997f6faa1a7d3757ff46879cb50791db27e8 PIC2025.jpg 
Success 
ren 001.jpg PIC2001.jpg 
ren 002.jpg PIC2002.jpg 
ren 003.jpg PIC2003.jpg 
ren 004.jpg PIC2004.jpg 
ren 005.jpg PIC2005.jpg 
ren 006.jpg PIC2006.jpg 
ren 007.jpg PIC2007.jpg 
ren 008.jpg PIC2008.jpg 
ren 009.jpg PIC2009.jpg 
ren 010.jpg PIC2010.jpg 
ren 011.jpg PIC2011.jpg 
ren 012.jpg PIC2012.jpg 
ren 013.jpg PIC2013.jpg 
ren 014.jpg PIC2014.jpg 
ren 015.jpg PIC2015.jpg 
ren 016.jpg PIC2016.jpg 
ren 017.jpg PIC2017.jpg 
ren image073.jpg-7de8532fef857a2d9929182ecbe5ab9c-f7075afbae7e027ea590b1f49e3f8ea0 PIC2018.jpg 
ren image074.jpg-488172dda56973331964b85caf4eb773-f1075afbae7e027ea590b1f49e3f8ea0 PIC2019.jpg 
ren image075.jpg-bdbe598a9476179df17ed42ead11580bafbae7e027ea590b1f49e3f8ea0 PIC2020.jpg 
ren image076.jpg-d5cca4f286eb114904c512be15e9dfabafbae7e027ea590b1f49e3f8ea0 PIC2021.jpg 
ren image077.jpg-3bc9287d66c286f1064e7161d43f32d7afbae7e027ea590b1f49e3f8ea0 PIC2022.jpg 
ren image072.jpg-4d74d7bfc8eb6e77e8ad9bd379320088be4411623d2ed08a4321d685b1 PIC2023.jpg 
ren 024.jpg PIC2024.jpg 
ren image051.jpg-5532c8756ebf45b61adc3e1d67997f6faa1a7d3757ff46879cb50791db27e8 PIC2025.jpg 
Success 
ren 001.jpg PIC2001.jpg 
ren 002.jpg PIC2002.jpg 
ren 003.jpg PIC2003.jpg 
ren 004.jpg PIC2004.jpg 
ren 005.jpg PIC2005.jpg 
ren 006.jpg PIC2006.jpg 
ren 007.jpg PIC2007.jpg 
ren 008.jpg PIC2008.jpg 
ren 009.jpg PIC2009.jpg 
ren 010.jpg PIC2010.jpg 
ren 011.jpg PIC2011.jpg 
ren 012.jpg PIC2012.jpg 
ren 013.jpg PIC2013.jpg 
ren 014.jpg PIC2014.jpg 
ren 015.jpg PIC2015.jpg 
ren 016.jpg PIC2016.jpg 
ren 017.jpg PIC2017.jpg 
ren image073.jpg-7de8532fef857a2d9929182ecbe5ab9c-f7075afbae7e027ea590b1f49e3f8ea0 PIC2018.jpg 
ren image074.jpg-488172dda56973331964b85caf4eb773-f1075afbae7e027ea590b1f49e3f8ea0 PIC2019.jpg 
ren image075.jpg-bdbe598a9476179df17ed42ead11580bafbae7e027ea590b1f49e3f8ea0 PIC2020.jpg 
ren image076.jpg-d5cca4f286eb114904c512be15e9dfabafbae7e027ea590b1f49e3f8ea0 PIC2021.jpg 
ren image077.jpg-3bc9287d66c286f1064e7161d43f32d7afbae7e027ea590b1f49e3f8ea0 PIC2022.jpg 
ren image072.jpg-4d74d7bfc8eb6e77e8ad9bd379320088be4411623d2ed08a4321d685b1 PIC2023.jpg 
ren 024.jpg PIC2024.jpg 
ren image051.jpg-5532c8756ebf45b61adc3e1d67997f6faa1a7d3757ff46879cb50791db27e8 PIC2025.jpg 
Success 
ren 06FPPTJXDs.jpeg PIC2001.jpeg 
ren 06FPPTMNYG.jpeg PIC2002.jpeg 
ren 06FPPTRQwq.jpeg PIC2003.jpeg 
ren 06FPPTPrSJ.jpeg PIC2004.jpeg 
ren 06ESU5cFAp.jpeg PIC2005.jpeg 
ren 06ESU5fj7I.jpeg PIC2006.jpeg 
ren 06ESTrgjUQ.jpeg PIC2007.jpeg 
ren 06ESTriOWI.jpeg PIC2008.jpeg 
ren 06FQ1Ji9Dm.jpeg PIC2009.jpeg 
ren 06FV9vy8bC.jpeg PIC2010.jpeg 
ren 06FQ1K9rJS.jpeg PIC2011.jpeg 
ren 06FV9vAlDl.jpeg PIC2012.jpeg 
ren 02FNAr7kor.jpeg PIC2013.jpeg 
ren 02FNAr9ryw.jpeg PIC2014.jpeg 
ren 06FNArjGeQ.jpeg PIC2015.jpeg 
ren 06FNAs3bK5.jpeg PIC2016.jpeg 
ren 06FNAschl6.jpeg PIC2017.jpeg 
ren 06FNAsv8qW.jpeg PIC2018.jpeg 
ren 06FNAtAT32.jpeg PIC2019.jpeg 
ren 03ET4kXXHh.jpeg PIC2020.jpeg 
ren 03ET4krUXS.jpeg PIC2021.jpeg 
ren 03ET4jW2dA.jpeg PIC2022.jpeg 
ren 03ET4iTNpT.jpeg PIC2023.jpeg 
ren 03ET4j9Rl2.jpeg PIC2024.jpeg 
ren 03ET4iDO8Y.jpeg PIC2025.jpeg 
ren 03ET4le2mF.jpeg PIC2026.jpeg 
ren 03ET4kHVCu.jpeg PIC2027.jpeg 
ren 06GqHCn2Aa.jpeg PIC2028.jpeg 
ren 06GqHCAhx1.jpeg PIC2029.jpeg 
ren 06GqHCrQW9.jpeg PIC2030.jpeg 
ren 02GqxEggPk.jpeg PIC2031.jpeg 
ren 06GqHCj6DC.jpeg PIC2032.jpeg 
ren 03Fd4bbmOe.jpeg PIC2033.jpeg 
ren 06GqHCPvXy.jpeg PIC2034.jpeg 
ren 06GqHCF4mj.jpeg PIC2035.jpeg 
ren 06GqHCKsU3.jpeg PIC2036.jpeg 
ren 03EYt2ydtX.jpeg PIC2037.jpeg 
ren 03FyYIBjBG.jpeg PIC2038.jpeg 
ren 03ET437dIS.jpeg PIC2039.jpeg 
ren 03ET43iAWR.jpeg PIC2040.jpeg 
ren 03ET45026p.jpeg PIC2041.jpeg 
ren 03ET44OD2q.jpeg PIC2042.jpeg 
ren 03ET40oYcA.jpeg PIC2043.jpeg 
ren 03FhBDJJSR.jpeg PIC2044.jpeg 
ren 03FgH0W7lW.jpeg PIC2045.jpeg 
ren 03Fpp8oZoT.jpeg PIC2046.jpeg 
ren 03Fpp5PH0a.jpeg PIC2047.jpeg 
ren 03Fpp0CJer.jpeg PIC2048.jpeg 
ren 03FpoXQyxp.jpeg PIC2049.jpeg 
ren 03F2ooMAD5.jpeg PIC2050.jpeg 
ren 03F1YvcUjA.jpeg PIC2051.jpeg 
ren 03Fd4k2yYW.jpeg PIC2052.jpeg 
ren 03Fd4izqH4.jpeg PIC2053.jpeg 
ren 03Fd4a4zmQ.jpeg PIC2054.jpeg 
ren 03ET43ynvo.jpeg PIC2055.jpeg 
ren 03ET42VRO6.jpeg PIC2056.jpeg 
ren 03ET4iahzz.jpeg PIC2057.jpeg 
ren 03ET42oqRd.jpeg PIC2058.jpeg 
ren 03ET41mjUl.jpeg PIC2059.jpeg 
ren 03ET41Cof3.jpeg PIC2060.jpeg 
ren 03ET428lNJ.jpeg PIC2061.jpeg 
ren 03ET416kej.jpeg PIC2062.jpeg 
ren 03ET42FObH.jpeg PIC2063.jpeg 
ren 03ET40QiD8.jpeg PIC2064.jpeg 
ren 03ET4b0deT.jpeg PIC2065.jpeg 
ren 03ET2TmNES.jpeg PIC2066.jpeg 
ren 03ET40AlP8.jpeg PIC2067.jpeg 
ren 03Fd47uOuR.jpeg PIC2068.jpeg 
ren 03F8d5lt2c.jpeg PIC2069.jpeg 
ren 03F8cVac0P.jpeg PIC2070.jpeg 
ren 03F8dpqkfX.jpeg PIC2071.jpeg 
ren 03F3XIwIvq.jpeg PIC2072.jpeg 
ren 03ET46tsZX.jpeg PIC2073.jpeg 
ren 03F8dlDqiR.jpeg PIC2074.jpeg 
ren 03F8dgzVLY.jpeg PIC2075.jpeg 
ren 03F8dda8dp.jpeg PIC2076.jpeg 
ren 03ET4dQh7A.jpeg PIC2077.jpeg 
ren 03ET4dAgbD.jpeg PIC2078.jpeg 
ren 03EYsZWd3E.jpeg PIC2079.jpeg 
ren 03EYrJy9vD.jpeg PIC2080.jpeg 
ren 03ET3TQEoT.jpeg PIC2081.jpeg 
ren 03ET3LZVg9.jpeg PIC2082.jpeg 
ren 03ET3bCGZl.jpeg PIC2083.jpeg 
ren 03ET3iOXyj.jpeg PIC2084.jpeg 
ren 03ET3axktC.jpeg PIC2085.jpeg 
ren 03FuqpxUCE.jpeg PIC2086.jpeg 
ren 03FgGI40GV.jpeg PIC2087.jpeg 
ren 03ET3U8T3c.jpeg PIC2088.jpeg 
ren 03ET49xzdG.jpeg PIC2089.jpeg 
ren 03ET49jWgE.jpeg PIC2090.jpeg 
ren 03FPGJBWob.jpeg PIC2091.jpeg 
ren 03ET486lC7.jpeg PIC2092.jpeg 
ren 03G5PD1ZNh.jpeg PIC2093.jpeg 
ren 03ET4fSKyj.jpeg PIC2094.jpeg 
ren 03ET319fHp.jpeg PIC2095.jpeg 
ren 03ET49d9sC.jpeg PIC2096.jpeg 
ren 03ET491NZh.jpeg PIC2097.jpeg 
ren 03FqgVkdHK.jpeg PIC2098.jpeg 
ren 03FpZGCRTf.jpeg PIC2099.jpeg 
ren 03FUKhTXho.jpeg PIC2100.jpeg 
ren 03FVa0jlKh.jpeg PIC2101.jpeg 
ren 03ET4nzD8i.jpeg PIC2102.jpeg 
ren 03ET4e6m7h.jpeg PIC2103.jpeg 
ren 03FrwvOyDN.jpeg PIC2104.jpeg 
ren 03ET4nPqCS.jpeg PIC2105.jpeg 
ren 03ET4g8OiF.jpeg PIC2106.jpeg 
ren 03ET476kI1.jpeg PIC2107.jpeg 
ren 03ET4gSqyO.jpeg PIC2108.jpeg 
ren 03ET3XekBa.jpeg PIC2109.jpeg 
ren 03Frx1neMo.jpeg PIC2110.jpeg 
ren 03FrwRkmop.jpeg PIC2111.jpeg 
ren 03FXMDya90.jpeg PIC2112.jpeg 
ren 03FXMBEkMo.jpeg PIC2113.jpeg 
ren 03FXMwgZ2X.jpeg PIC2114.jpeg 
ren 03GnEFedhZ.jpeg PIC2115.jpeg 
ren 03GnEEJsqd.jpeg PIC2116.jpeg 
ren 03ET3ySfwM.jpeg PIC2117.jpeg 
ren 03ET4bgjLW.jpeg PIC2118.jpeg 
ren 03F2zJU1NQ.jpeg PIC2119.jpeg 
ren 03ET3Y7EFY.jpeg PIC2120.jpeg 
ren 03ET3Ythlq.jpeg PIC2121.jpeg 
ren 03FyN4rjWJ.jpeg PIC2122.jpeg 
ren 03F2zTjH2l.jpeg PIC2123.jpeg 
ren 03F1Fw40o0.jpeg PIC2124.jpeg 
ren 03FKokH3hp.jpeg PIC2125.jpeg 
ren 03Fzpu9w69.jpeg PIC2126.jpeg 
ren 03Fhkun9BO.jpeg PIC2127.jpeg 
ren 03F8kiY4tO.jpeg PIC2128.jpeg 
ren 03F8dzRcH8.jpeg PIC2129.jpeg 
ren 03F8kfAoCV.jpeg PIC2130.jpeg 
ren 03EU4J1CHo.jpeg PIC2131.jpeg 
ren 03F8lbtf2y.jpeg PIC2132.jpeg 
ren 03ET4oMlh5.jpeg PIC2133.jpeg 
ren 03F8krBYkd.jpeg PIC2134.jpeg 
ren 03ET4hUjjJ.jpeg PIC2135.jpeg 
ren 03FXMzr7AR.jpeg PIC2136.jpeg 
ren 03ET3PeSj7.jpeg PIC2137.jpeg 
ren 03ET3Spgrc.jpeg PIC2138.jpeg 
ren 03ET3SFot4.jpeg PIC2139.jpeg 
ren 03ET3N6doz.jpeg PIC2140.jpeg 
ren 03F8kCSGdN.jpeg PIC2141.jpeg 
ren 03ET4cOdtq.jpeg PIC2142.jpeg 
ren 03ET4cygOb.jpeg PIC2143.jpeg 
ren 03ET3YQef4.jpeg PIC2144.jpeg 
ren 03ET3ZmF2B.jpeg PIC2145.jpeg 
ren 03ET3ZCHds.jpeg PIC2146.jpeg 
ren 03ET3Z6fr8.jpeg PIC2147.jpeg 
ren 03ET3pFaTW.jpeg PIC2148.jpeg 
ren 03ET3RDmhW.jpeg PIC2149.jpeg 
ren 03ET31HtrD.jpeg PIC2150.jpeg 
ren 03ET3S9hVp.jpeg PIC2151.jpeg 
ren 03ET30pGhj.jpeg PIC2152.jpeg 
ren 03ET1XliyN.jpeg PIC2153.jpeg 
ren 03ET1WRTuE.jpeg PIC2154.jpeg 
ren 03ET1WfJmb.jpeg PIC2155.jpeg 
ren 03FrwHhn11.jpeg PIC2156.jpeg 
ren 03FrwrHbbH.jpeg PIC2157.jpeg 
ren 03ETUB7kfS.jpeg PIC2158.jpeg 
ren 03ET3UEJ01.jpeg PIC2159.jpeg 
ren 03ET3XTDcv.jpeg PIC2160.jpeg 
ren 03ET32N7I8.jpeg PIC2161.jpeg 
ren 03ET4gvxKK.jpeg PIC2162.jpeg 
ren 03ET4aq4io.jpeg PIC2163.jpeg 
ren 03FcDp2WIf.jpeg PIC2164.jpeg 
ren 03ET4dk9sW.jpeg PIC2165.jpeg 
ren 03ET46QtNi.jpeg PIC2166.jpeg 
ren 03ET3EEj2H.jpeg PIC2167.jpeg 
ren 03ET3EZ5sa.jpeg PIC2168.jpeg 
ren 03ET3FcRUS.jpeg PIC2169.jpeg 
ren 03FgJzOnYh.jpeg PIC2170.jpeg 
ren 03ET3C0Vh4.jpeg PIC2171.jpeg 
ren 03ET37n0u6.jpeg PIC2172.jpeg 
ren 03ET377jIy.jpeg PIC2173.jpeg 
ren 03ET36RBkI.jpeg PIC2174.jpeg 
ren 03GhzdNMDg.jpeg PIC2175.jpeg 
ren 03FJkNuURy.jpeg PIC2176.jpeg 
ren 03ET3XIerh.jpeg PIC2177.jpeg 
ren 03ET3BJZmA.jpeg PIC2178.jpeg 
ren 03ET35ZvHl.jpeg PIC2179.jpeg 
ren 03ET35e1wQ.jpeg PIC2180.jpeg 
ren 03ET38zt0F.jpeg PIC2181.jpeg 
ren 03ET38obS3.jpeg PIC2182.jpeg 
ren 03ET44it2f.jpeg PIC2183.jpeg 
ren 03ET44yyz3.jpeg PIC2184.jpeg 
ren 03ET4jpRUj.jpeg PIC2185.jpeg 
ren 03ET4jFThX.jpeg PIC2186.jpeg 
ren 03FUSIXBKf.jpeg PIC2187.jpeg 
ren 03ET388gSm.jpeg PIC2188.jpeg 
ren 03ET37Sxki.jpeg PIC2189.jpeg 
ren 03ET3TkEgX.jpeg PIC2190.jpeg 
ren 03ET3CzJDw.jpeg PIC2191.jpeg 
ren 03ET3GBjNd.jpeg PIC2192.jpeg 
ren 03ET4hEcwp.jpeg PIC2193.jpeg 
ren 03ET3Gs90p.jpeg PIC2194.jpeg 
ren 03FV9XnRhm.jpeg PIC2195.jpeg 
ren 03ET37CJJA.jpeg PIC2196.jpeg 
ren 03ET38Waal.jpeg PIC2197.jpeg 
ren 03FD5mgMVJ.jpeg PIC2198.jpeg 
ren 03FD5wj2zy.jpeg PIC2199.jpeg 
ren 03ET3KgiMh.jpeg PIC2200.jpeg 
ren 03FMmxPhe8.jpeg PIC2201.jpeg 
ren 03ET3TSUrH.jpeg PIC2202.jpeg 
ren 03ET4mfV4v.jpeg PIC2203.jpeg 
ren 03ET4lu5fF.jpeg PIC2204.jpeg 
ren 03FoiVWqMi.jpeg PIC2205.jpeg 
ren 03ET3Xnx5s.jpeg PIC2206.jpeg 
ren 03ET3XBjKn.jpeg PIC2207.jpeg 
ren 03ET3juYlt.jpeg PIC2208.jpeg 
ren 03F1wyjlBb.jpeg PIC2209.jpeg 
ren 03FJkufIlM.jpeg PIC2210.jpeg 
ren 03FJkvMclN.jpeg PIC2211.jpeg 
ren 03ET3shxsh.jpeg PIC2212.jpeg 
ren 03F1wizcCa.jpeg PIC2213.jpeg 
ren 03FD3lg1Ie.jpeg PIC2214.jpeg 
ren 03FBJ3l97C.jpeg PIC2215.jpeg 
ren 03FZzt2bWE.jpeg PIC2216.jpeg 
ren 03FWQXi9DI.jpeg PIC2217.jpeg 
ren 03FUSPQipn.jpeg PIC2218.jpeg 
ren 03FMdwoid4.jpeg PIC2219.jpeg 
ren 03FT2jdXIL.jpeg PIC2220.jpeg 
ren 03FMdvpst5.jpeg PIC2221.jpeg 
ren 03FMdt6QXX.jpeg PIC2222.jpeg 
ren 03FxBGMpEm.jpeg PIC2223.jpeg 
ren 03FrwLE6Ya.jpeg PIC2224.jpeg 
ren 03FrwtDJYf.jpeg PIC2225.jpeg 
ren 03FyYJKlPx.jpeg PIC2226.jpeg 
ren 03FMdq4JNJ.jpeg PIC2227.jpeg 
ren 03FMdrTlAu.jpeg PIC2228.jpeg 
ren 03FxCqpt8S.jpeg PIC2229.jpeg 
ren 03FxCoJXHk.jpeg PIC2230.jpeg 
ren 03FKx9nWtO.jpeg PIC2231.jpeg 
ren 03FWovhEvq.jpeg PIC2232.jpeg 
ren 03FXDgwwwC.jpeg PIC2233.jpeg 
ren 03FyX5SQ5o.jpeg PIC2234.jpeg 
ren 03FHcoImgz.jpeg PIC2235.jpeg 
ren 03GqOHzF4z.jpeg PIC2236.jpeg 
ren 03FNAr0VNs.jpeg PIC2237.jpeg 
ren 03GqHjELDg.jpeg PIC2238.jpeg 
ren 03FV9umoWf.jpeg PIC2239.jpeg 
ren 03ET3RTmrV.jpeg PIC2240.jpeg 
ren 03ET4bwi1S.jpeg PIC2241.jpeg 
ren 12FHjqXZ7X.jpeg PIC2242.jpeg 
ren 12FHjrYHga.jpeg PIC2243.jpeg 
ren 12GpVoJt2F.jpeg PIC2244.jpeg 
ren 12G033cNDB.jpeg PIC2245.jpeg 
ren 12G03320qN.jpeg PIC2246.jpeg 
ren 12Gp0uHJ2c.jpeg PIC2247.jpeg 
ren 12GrI7ue4m.jpeg PIC2248.jpeg 
ren 12GrDZ2nUO.jpeg PIC2249.jpeg 
ren 12GnTHLvf2.jpeg PIC2250.jpeg 
ren 12GrDZwqhH.jpeg PIC2251.jpeg 
ren 12GrDZggSI.jpeg PIC2252.jpeg 
ren 12G6rkOgOw.jpeg PIC2253.jpeg 
ren 12G033QiEW.jpeg PIC2254.jpeg 
ren 12G0342xdA.jpeg PIC2255.jpeg 
ren 12G034mmCD.jpeg PIC2256.jpeg 
ren 03GnEwukpc.jpeg PIC2257.jpeg 
ren 03FIdZEzWx.jpeg PIC2258.jpeg 
ren 03GdUGmMfq.jpeg PIC2259.jpeg 
ren 03Ghzn0waZ.jpeg PIC2260.jpeg 
ren 03ET3PuRXd.jpeg PIC2261.jpeg 
ren 03ET3XurFh.jpeg PIC2262.jpeg 
ren 03GitVj96U.jpeg PIC2263.jpeg 
ren 03GnEFFnyZ.jpeg PIC2264.jpeg 
ren 03FXjkYSsM.jpeg PIC2265.jpeg 
ren 03FYuQsIRP.jpeg PIC2266.jpeg 
ren 03FXTHu1KI.jpeg PIC2267.jpeg 
ren 03FV9cCsUr.jpeg PIC2268.jpeg 
ren 03FyGMFNsw.jpeg PIC2269.jpeg 
ren 03FWoCofls.jpeg PIC2270.jpeg 
ren 03Fhk4LaTf.jpeg PIC2271.jpeg 
ren 03FPy1oYaH.jpeg PIC2272.jpeg 
ren 03FZzmzWkY.jpeg PIC2273.jpeg 
ren 03FXDevXUf.jpeg PIC2274.jpeg 
ren 03FZzpUujq.jpeg PIC2275.jpeg 
ren 03FXDcxCkL.jpeg PIC2276.jpeg 
ren 03FLsGiraO.jpeg PIC2277.jpeg 
ren 03FH2E3t9z.jpeg PIC2278.jpeg 
ren 03FyYHhg19.jpeg PIC2279.jpeg 
ren 03Fpp2Oowe.jpeg PIC2280.jpeg 
ren 03G2EDNhEH.jpeg PIC2281.jpeg 
ren 03FV99I51W.jpeg PIC2282.jpeg 
ren 03FYv58DQz.jpeg PIC2283.jpeg 
ren 03FV35Vl4O.jpeg PIC2284.jpeg 
ren 03Fd414xTi.jpeg PIC2285.jpeg 
ren 03ESRu2nrm.jpeg PIC2286.jpeg 
ren 03ESRu4DLp.jpeg PIC2287.jpeg 
ren 03FGhG4jGP.jpeg PIC2288.jpeg 
ren 03ET4hoh27.jpeg PIC2289.jpeg 
ren 03ET442jNP.jpeg PIC2290.jpeg 
ren 03ESRurtlH.jpeg PIC2291.jpeg 
ren 03ET4d4bbn.jpeg PIC2292.jpeg 
ren 03ESRuAzXb.jpeg PIC2293.jpeg 
ren 03FQ1HBY07.jpeg PIC2294.jpeg 
ren 03FXc8MCyA.jpeg PIC2295.jpeg 
ren banner5.jpeg PIC2296.jpeg 
ren banner4.jpeg PIC2297.jpeg 
ren banner3.jpeg PIC2298.jpeg 
ren banner2.jpeg PIC2299.jpeg 
ren banner1.jpeg PIC2300.jpeg 
ren img12.jpeg PIC2301.jpeg 
ren img11.jpeg PIC2302.jpeg 
ren img10.jpeg PIC2303.jpeg 
ren img9.jpeg PIC2304.jpeg 
ren img8.jpeg PIC2305.jpeg 
ren img7.jpeg PIC2306.jpeg 
ren img6.jpeg PIC2307.jpeg 
ren img5.jpeg PIC2308.jpeg 
ren img4.jpeg PIC2309.jpeg 
ren img3.jpeg PIC2310.jpeg 
ren img2 .jpeg PIC2311.jpeg 
ren img1.jpeg PIC2312.jpeg 
Success 
ren 001.jpeg PIC2001.jpeg 
ren 002.jpeg PIC2002.jpeg 
ren 003.jpeg PIC2003.jpeg 
ren 004.jpeg PIC2004.jpeg 
ren 005.jpeg PIC2005.jpeg 
ren 006.jpeg PIC2006.jpeg 
ren 007.jpeg PIC2007.jpeg 
ren 008.jpeg PIC2008.jpeg 
ren 009.jpeg PIC2009.jpeg 
ren 010.jpeg PIC2010.jpeg 
ren 011.jpeg PIC2011.jpeg 
ren 012.jpeg PIC2012.jpeg 
ren 013.jpeg PIC2013.jpeg 
ren 014.jpeg PIC2014.jpeg 
ren 015.jpeg PIC2015.jpeg 
ren 016.jpeg PIC2016.jpeg 
ren 017.jpeg PIC2017.jpeg 
ren 018.jpeg PIC2018.jpeg 
ren 019.jpeg PIC2019.jpeg 
ren 020.jpeg PIC2020.jpeg 
ren 021.jpeg PIC2021.jpeg 
ren 022.jpeg PIC2022.jpeg 
ren 023.jpeg PIC2023.jpeg 
ren 024.jpeg PIC2024.jpeg 
ren 025.jpeg PIC2025.jpeg 
ren 026.jpeg PIC2026.jpeg 
ren 027.jpeg PIC2027.jpeg 
ren 028.jpeg PIC2028.jpeg 
ren 029.jpeg PIC2029.jpeg 
ren 030.jpeg PIC2030.jpeg 
ren 031.jpeg PIC2031.jpeg 
ren 032.jpeg PIC2032.jpeg 
ren 033.jpeg PIC2033.jpeg 
ren 034.jpeg PIC2034.jpeg 
ren 035.jpeg PIC2035.jpeg 
ren 036.jpeg PIC2036.jpeg 
ren 037.jpeg PIC2037.jpeg 
ren 038.jpeg PIC2038.jpeg 
ren 039.jpeg PIC2039.jpeg 
ren 040.jpeg PIC2040.jpeg 
ren 041.jpeg PIC2041.jpeg 
ren 042.jpeg PIC2042.jpeg 
ren 043.jpeg PIC2043.jpeg 
ren 044.jpeg PIC2044.jpeg 
ren 045.jpeg PIC2045.jpeg 
ren 046.jpeg PIC2046.jpeg 
ren 047.jpeg PIC2047.jpeg 
ren 048.jpeg PIC2048.jpeg 
ren 049.jpeg PIC2049.jpeg 
ren 050.jpeg PIC2050.jpeg 
ren 051.jpeg PIC2051.jpeg 
ren 052.jpeg PIC2052.jpeg 
ren 053.jpeg PIC2053.jpeg 
ren 054.jpeg PIC2054.jpeg 
ren 055.jpeg PIC2055.jpeg 
ren 056.jpeg PIC2056.jpeg 
ren 057.jpeg PIC2057.jpeg 
ren 058.jpeg PIC2058.jpeg 
ren 059.jpeg PIC2059.jpeg 
ren 060.jpeg PIC2060.jpeg 
ren 061.jpeg PIC2061.jpeg 
ren 062.jpeg PIC2062.jpeg 
ren 063.jpeg PIC2063.jpeg 
ren 064.jpeg PIC2064.jpeg 
ren 065.jpeg PIC2065.jpeg 
ren 066.jpeg PIC2066.jpeg 
ren 067.jpeg PIC2067.jpeg 
ren 068.jpeg PIC2068.jpeg 
ren 069.jpeg PIC2069.jpeg 
ren 070.jpeg PIC2070.jpeg 
ren 071.jpeg PIC2071.jpeg 
ren 072.jpeg PIC2072.jpeg 
ren 073.jpeg PIC2073.jpeg 
ren 074.jpeg PIC2074.jpeg 
ren 075.jpeg PIC2075.jpeg 
ren 076.jpeg PIC2076.jpeg 
ren 077.jpeg PIC2077.jpeg 
ren 078.jpeg PIC2078.jpeg 
ren 079.jpeg PIC2079.jpeg 
ren 080.jpeg PIC2080.jpeg 
ren 081.jpeg PIC2081.jpeg 
ren 082.jpeg PIC2082.jpeg 
ren 083.jpeg PIC2083.jpeg 
ren 084.jpeg PIC2084.jpeg 
ren 085.jpeg PIC2085.jpeg 
ren 086.jpeg PIC2086.jpeg 
ren 087.jpeg PIC2087.jpeg 
ren 088.jpeg PIC2088.jpeg 
ren 089.jpeg PIC2089.jpeg 
ren 090.jpeg PIC2090.jpeg 
ren 091.jpeg PIC2091.jpeg 
ren 092.jpeg PIC2092.jpeg 
ren 093.jpeg PIC2093.jpeg 
ren 094.jpeg PIC2094.jpeg 
ren 095.jpeg PIC2095.jpeg 
ren 096.jpeg PIC2096.jpeg 
ren 097.jpeg PIC2097.jpeg 
ren 098.jpeg PIC2098.jpeg 
ren 099.jpeg PIC2099.jpeg 
ren 100.jpeg PIC2100.jpeg 
ren 101.jpeg PIC2101.jpeg 
ren 102.jpeg PIC2102.jpeg 
ren 103.jpeg PIC2103.jpeg 
ren 104.jpeg PIC2104.jpeg 
ren 105.jpeg PIC2105.jpeg 
ren 106.jpeg PIC2106.jpeg 
ren 107.jpeg PIC2107.jpeg 
ren 108.jpeg PIC2108.jpeg 
ren 109.jpeg PIC2109.jpeg 
ren 110.jpeg PIC2110.jpeg 
ren 111.jpeg PIC2111.jpeg 
ren 112.jpeg PIC2112.jpeg 
ren 113.jpeg PIC2113.jpeg 
ren 114.jpeg PIC2114.jpeg 
ren 115.jpeg PIC2115.jpeg 
ren 116.jpeg PIC2116.jpeg 
ren 117.jpeg PIC2117.jpeg 
ren 118.jpeg PIC2118.jpeg 
ren 119.jpeg PIC2119.jpeg 
ren 120.jpeg PIC2120.jpeg 
ren 121.jpeg PIC2121.jpeg 
ren 122.jpeg PIC2122.jpeg 
ren 123.jpeg PIC2123.jpeg 
ren 124.jpeg PIC2124.jpeg 
ren 125.jpeg PIC2125.jpeg 
ren 126.jpeg PIC2126.jpeg 
ren 127.jpeg PIC2127.jpeg 
ren 128.jpeg PIC2128.jpeg 
ren 129.jpeg PIC2129.jpeg 
ren 130.jpeg PIC2130.jpeg 
ren 131.jpeg PIC2131.jpeg 
ren 132.jpeg PIC2132.jpeg 
ren 133.jpeg PIC2133.jpeg 
ren 134.jpeg PIC2134.jpeg 
ren 135.jpeg PIC2135.jpeg 
ren 136.jpeg PIC2136.jpeg 
ren 137.jpeg PIC2137.jpeg 
ren 138.jpeg PIC2138.jpeg 
ren 139.jpeg PIC2139.jpeg 
ren 140.jpeg PIC2140.jpeg 
ren 141.jpeg PIC2141.jpeg 
ren 142.jpeg PIC2142.jpeg 
ren 143.jpeg PIC2143.jpeg 
ren 144.jpeg PIC2144.jpeg 
ren 145.jpeg PIC2145.jpeg 
ren 146.jpeg PIC2146.jpeg 
ren 147.jpeg PIC2147.jpeg 
ren 148.jpeg PIC2148.jpeg 
ren 149.jpeg PIC2149.jpeg 
ren 150.jpeg PIC2150.jpeg 
ren 151.jpeg PIC2151.jpeg 
ren 152.jpeg PIC2152.jpeg 
ren 153.jpeg PIC2153.jpeg 
ren 154.jpeg PIC2154.jpeg 
ren 155.jpeg PIC2155.jpeg 
ren 156.jpeg PIC2156.jpeg 
ren 157.jpeg PIC2157.jpeg 
ren 158.jpeg PIC2158.jpeg 
ren 159.jpeg PIC2159.jpeg 
ren 160.jpeg PIC2160.jpeg 
ren 161.jpeg PIC2161.jpeg 
ren 162.jpeg PIC2162.jpeg 
ren 163.jpeg PIC2163.jpeg 
ren 164.jpeg PIC2164.jpeg 
ren 165.jpeg PIC2165.jpeg 
ren 166.jpeg PIC2166.jpeg 
ren 167.jpeg PIC2167.jpeg 
ren 168.jpeg PIC2168.jpeg 
ren 169.jpeg PIC2169.jpeg 
ren 170.jpeg PIC2170.jpeg 
ren 171.jpeg PIC2171.jpeg 
ren 172.jpeg PIC2172.jpeg 
ren 173.jpeg PIC2173.jpeg 
ren 174.jpeg PIC2174.jpeg 
ren 175.jpeg PIC2175.jpeg 
ren 176.jpeg PIC2176.jpeg 
ren 177.jpeg PIC2177.jpeg 
ren 178.jpeg PIC2178.jpeg 
ren 179.jpeg PIC2179.jpeg 
ren 180.jpeg PIC2180.jpeg 
ren 181.jpeg PIC2181.jpeg 
ren 182.jpeg PIC2182.jpeg 
ren 183.jpeg PIC2183.jpeg 
ren 184.jpeg PIC2184.jpeg 
ren 185.jpeg PIC2185.jpeg 
ren 186.jpeg PIC2186.jpeg 
ren 187.jpeg PIC2187.jpeg 
ren 188.jpeg PIC2188.jpeg 
ren 189.jpeg PIC2189.jpeg 
ren 190.jpeg PIC2190.jpeg 
ren 191.jpeg PIC2191.jpeg 
ren 192.jpeg PIC2192.jpeg 
ren 193.jpeg PIC2193.jpeg 
ren 194.jpeg PIC2194.jpeg 
ren 195.jpeg PIC2195.jpeg 
ren 196.jpeg PIC2196.jpeg 
ren 197.jpeg PIC2197.jpeg 
ren 198.jpeg PIC2198.jpeg 
ren 199.jpeg PIC2199.jpeg 
ren 200.jpeg PIC2200.jpeg 
ren 201.jpeg PIC2201.jpeg 
ren 202.jpeg PIC2202.jpeg 
ren 203.jpeg PIC2203.jpeg 
ren 204.jpeg PIC2204.jpeg 
ren 205.jpeg PIC2205.jpeg 
ren 206.jpeg PIC2206.jpeg 
ren 207.jpeg PIC2207.jpeg 
ren 208.jpeg PIC2208.jpeg 
ren 209.jpeg PIC2209.jpeg 
ren 210.jpeg PIC2210.jpeg 
ren 211.jpeg PIC2211.jpeg 
ren 212.jpeg PIC2212.jpeg 
ren 213.jpeg PIC2213.jpeg 
ren 214.jpeg PIC2214.jpeg 
ren 215.jpeg PIC2215.jpeg 
ren 216.jpeg PIC2216.jpeg 
ren 217.jpeg PIC2217.jpeg 
ren 218.jpeg PIC2218.jpeg 
ren 219.jpeg PIC2219.jpeg 
ren 220.jpeg PIC2220.jpeg 
ren 221.jpeg PIC2221.jpeg 
ren 222.jpeg PIC2222.jpeg 
ren 223.jpeg PIC2223.jpeg 
ren 224.jpeg PIC2224.jpeg 
ren 225.jpeg PIC2225.jpeg 
ren 226.jpeg PIC2226.jpeg 
ren 227.jpeg PIC2227.jpeg 
ren 228.jpeg PIC2228.jpeg 
ren 229.jpeg PIC2229.jpeg 
ren 230.jpeg PIC2230.jpeg 
ren 231.jpeg PIC2231.jpeg 
ren 232.jpeg PIC2232.jpeg 
ren 233.jpeg PIC2233.jpeg 
ren 234.jpeg PIC2234.jpeg 
ren 235.jpeg PIC2235.jpeg 
ren 236.jpeg PIC2236.jpeg 
ren 237.jpeg PIC2237.jpeg 
ren 238.jpeg PIC2238.jpeg 
ren 239.jpeg PIC2239.jpeg 
ren 240.jpeg PIC2240.jpeg 
ren 241.jpeg PIC2241.jpeg 
ren 242.jpeg PIC2242.jpeg 
ren 243.jpeg PIC2243.jpeg 
ren 244.jpeg PIC2244.jpeg 
ren 245.jpeg PIC2245.jpeg 
ren 246.jpeg PIC2246.jpeg 
ren 247.jpeg PIC2247.jpeg 
ren 248.jpeg PIC2248.jpeg 
ren 249.jpeg PIC2249.jpeg 
ren 250.jpeg PIC2250.jpeg 
ren 251.jpeg PIC2251.jpeg 
ren 252.jpeg PIC2252.jpeg 
ren 253.jpeg PIC2253.jpeg 
ren 254.jpeg PIC2254.jpeg 
ren 255.jpeg PIC2255.jpeg 
ren 256.jpeg PIC2256.jpeg 
ren 257.jpeg PIC2257.jpeg 
ren 258.jpeg PIC2258.jpeg 
ren 259.jpeg PIC2259.jpeg 
ren 260.jpeg PIC2260.jpeg 
ren 261.jpeg PIC2261.jpeg 
ren 262.jpeg PIC2262.jpeg 
ren 263.jpeg PIC2263.jpeg 
ren 264.jpeg PIC2264.jpeg 
ren 265.jpeg PIC2265.jpeg 
ren 266.jpeg PIC2266.jpeg 
ren 267.jpeg PIC2267.jpeg 
ren 268.jpeg PIC2268.jpeg 
ren 269.jpeg PIC2269.jpeg 
ren 270.jpeg PIC2270.jpeg 
ren 271.jpeg PIC2271.jpeg 
ren 272.jpeg PIC2272.jpeg 
ren 273.jpeg PIC2273.jpeg 
ren 274.jpeg PIC2274.jpeg 
ren 275.jpeg PIC2275.jpeg 
ren 276.jpeg PIC2276.jpeg 
ren 277.jpeg PIC2277.jpeg 
ren 278.jpeg PIC2278.jpeg 
ren 279.jpeg PIC2279.jpeg 
ren 280.jpeg PIC2280.jpeg 
ren 281.jpeg PIC2281.jpeg 
ren 282.jpeg PIC2282.jpeg 
ren 283.jpeg PIC2283.jpeg 
ren 284.jpeg PIC2284.jpeg 
ren 285.jpeg PIC2285.jpeg 
ren 286.jpeg PIC2286.jpeg 
ren 287.jpeg PIC2287.jpeg 
ren 288.jpeg PIC2288.jpeg 
ren 289.jpeg PIC2289.jpeg 
ren 290.jpeg PIC2290.jpeg 
ren 291.jpeg PIC2291.jpeg 
ren 292.jpeg PIC2292.jpeg 
ren 293.jpeg PIC2293.jpeg 
ren 294.jpeg PIC2294.jpeg 
ren 295.jpeg PIC2295.jpeg 
ren 296.jpeg PIC2296.jpeg 
ren 297.jpeg PIC2297.jpeg 
ren 298.jpeg PIC2298.jpeg 
ren 299.jpeg PIC2299.jpeg 
ren 300.jpeg PIC2300.jpeg 
ren 301.jpeg PIC2301.jpeg 
ren 302.jpeg PIC2302.jpeg 
ren 303.jpeg PIC2303.jpeg 
ren 304.jpeg PIC2304.jpeg 
ren 305.jpeg PIC2305.jpeg 
ren 306.jpeg PIC2306.jpeg 
ren 307.jpeg PIC2307.jpeg 
ren 308.jpeg PIC2308.jpeg 
ren 309.jpeg PIC2309.jpeg 
ren 310.jpeg PIC2310.jpeg 
ren img2 .jpeg PIC2311.jpeg 
ren 312.jpeg PIC2312.jpeg 
Success 
ren 1001.jpeg PIC2001.jpeg 
ren 1002.jpeg PIC2002.jpeg 
ren 1003.jpeg PIC2003.jpeg 
ren 1004.jpeg PIC2004.jpeg 
ren 1005.jpeg PIC2005.jpeg 
ren 1006.jpeg PIC2006.jpeg 
ren 1007.jpeg PIC2007.jpeg 
ren 1008.jpeg PIC2008.jpeg 
ren 1009.jpeg PIC2009.jpeg 
ren 1010.jpeg PIC2010.jpeg 
ren 1011.jpeg PIC2011.jpeg 
ren 1012.jpeg PIC2012.jpeg 
ren 1013.jpeg PIC2013.jpeg 
ren 1014.jpeg PIC2014.jpeg 
ren 1015.jpeg PIC2015.jpeg 
ren 1016.jpeg PIC2016.jpeg 
ren 1017.jpeg PIC2017.jpeg 
ren 1018.jpeg PIC2018.jpeg 
ren 1019.jpeg PIC2019.jpeg 
ren 1020.jpeg PIC2020.jpeg 
ren 1021.jpeg PIC2021.jpeg 
ren 1022.jpeg PIC2022.jpeg 
ren 1023.jpeg PIC2023.jpeg 
ren 1024.jpeg PIC2024.jpeg 
ren 1025.jpeg PIC2025.jpeg 
ren 1026.jpeg PIC2026.jpeg 
ren 1027.jpeg PIC2027.jpeg 
ren 1028.jpeg PIC2028.jpeg 
ren 1029.jpeg PIC2029.jpeg 
ren 1030.jpeg PIC2030.jpeg 
ren 1031.jpeg PIC2031.jpeg 
ren 1032.jpeg PIC2032.jpeg 
ren 1033.jpeg PIC2033.jpeg 
ren 1034.jpeg PIC2034.jpeg 
ren 1035.jpeg PIC2035.jpeg 
ren 1036.jpeg PIC2036.jpeg 
ren 1037.jpeg PIC2037.jpeg 
ren 1038.jpeg PIC2038.jpeg 
ren 1039.jpeg PIC2039.jpeg 
ren 1040.jpeg PIC2040.jpeg 
ren 1041.jpeg PIC2041.jpeg 
ren 1042.jpeg PIC2042.jpeg 
ren 1043.jpeg PIC2043.jpeg 
ren 1044.jpeg PIC2044.jpeg 
ren 1045.jpeg PIC2045.jpeg 
ren 1046.jpeg PIC2046.jpeg 
ren 1047.jpeg PIC2047.jpeg 
ren 1048.jpeg PIC2048.jpeg 
ren 1049.jpeg PIC2049.jpeg 
ren 1050.jpeg PIC2050.jpeg 
ren 1051.jpeg PIC2051.jpeg 
ren 1052.jpeg PIC2052.jpeg 
ren 1053.jpeg PIC2053.jpeg 
ren 1054.jpeg PIC2054.jpeg 
ren 1055.jpeg PIC2055.jpeg 
ren 1056.jpeg PIC2056.jpeg 
ren 1057.jpeg PIC2057.jpeg 
ren 1058.jpeg PIC2058.jpeg 
ren 1059.jpeg PIC2059.jpeg 
ren 1060.jpeg PIC2060.jpeg 
ren 1061.jpeg PIC2061.jpeg 
ren 1062.jpeg PIC2062.jpeg 
ren 1063.jpeg PIC2063.jpeg 
ren 1064.jpeg PIC2064.jpeg 
ren 1065.jpeg PIC2065.jpeg 
ren 1066.jpeg PIC2066.jpeg 
ren 1067.jpeg PIC2067.jpeg 
ren 1068.jpeg PIC2068.jpeg 
ren 1069.jpeg PIC2069.jpeg 
ren 1070.jpeg PIC2070.jpeg 
ren 1071.jpeg PIC2071.jpeg 
ren 1072.jpeg PIC2072.jpeg 
ren 1073.jpeg PIC2073.jpeg 
ren 1074.jpeg PIC2074.jpeg 
ren 1075.jpeg PIC2075.jpeg 
ren 1076.jpeg PIC2076.jpeg 
ren 1077.jpeg PIC2077.jpeg 
ren 1078.jpeg PIC2078.jpeg 
ren 1079.jpeg PIC2079.jpeg 
ren 1080.jpeg PIC2080.jpeg 
ren 1081.jpeg PIC2081.jpeg 
ren 1082.jpeg PIC2082.jpeg 
ren 1083.jpeg PIC2083.jpeg 
ren 1084.jpeg PIC2084.jpeg 
ren 1085.jpeg PIC2085.jpeg 
ren 1086.jpeg PIC2086.jpeg 
ren 1087.jpeg PIC2087.jpeg 
ren 1088.jpeg PIC2088.jpeg 
ren 1089.jpeg PIC2089.jpeg 
ren 1090.jpeg PIC2090.jpeg 
ren 1091.jpeg PIC2091.jpeg 
ren 1092.jpeg PIC2092.jpeg 
ren 1093.jpeg PIC2093.jpeg 
ren 1094.jpeg PIC2094.jpeg 
ren 1095.jpeg PIC2095.jpeg 
ren 1096.jpeg PIC2096.jpeg 
ren 1097.jpeg PIC2097.jpeg 
ren 1098.jpeg PIC2098.jpeg 
ren 1099.jpeg PIC2099.jpeg 
ren 1100.jpeg PIC2100.jpeg 
ren 1101.jpeg PIC2101.jpeg 
ren 1102.jpeg PIC2102.jpeg 
ren 1103.jpeg PIC2103.jpeg 
ren 1104.jpeg PIC2104.jpeg 
ren 1105.jpeg PIC2105.jpeg 
ren 1106.jpeg PIC2106.jpeg 
ren 1107.jpeg PIC2107.jpeg 
ren 1108.jpeg PIC2108.jpeg 
ren 1109.jpeg PIC2109.jpeg 
ren 1110.jpeg PIC2110.jpeg 
ren 1111.jpeg PIC2111.jpeg 
ren 1112.jpeg PIC2112.jpeg 
ren 1113.jpeg PIC2113.jpeg 
ren 1114.jpeg PIC2114.jpeg 
ren 1115.jpeg PIC2115.jpeg 
ren 1116.jpeg PIC2116.jpeg 
ren 1117.jpeg PIC2117.jpeg 
ren 1118.jpeg PIC2118.jpeg 
ren 1119.jpeg PIC2119.jpeg 
ren 1120.jpeg PIC2120.jpeg 
ren 1121.jpeg PIC2121.jpeg 
ren 1122.jpeg PIC2122.jpeg 
ren 1123.jpeg PIC2123.jpeg 
ren 1124.jpeg PIC2124.jpeg 
ren 1125.jpeg PIC2125.jpeg 
ren 1126.jpeg PIC2126.jpeg 
ren 1127.jpeg PIC2127.jpeg 
ren 1128.jpeg PIC2128.jpeg 
ren 1129.jpeg PIC2129.jpeg 
ren 1130.jpeg PIC2130.jpeg 
ren 1131.jpeg PIC2131.jpeg 
ren 1132.jpeg PIC2132.jpeg 
ren 1133.jpeg PIC2133.jpeg 
ren 1134.jpeg PIC2134.jpeg 
ren 1135.jpeg PIC2135.jpeg 
ren 1136.jpeg PIC2136.jpeg 
ren 1137.jpeg PIC2137.jpeg 
ren 1138.jpeg PIC2138.jpeg 
ren 1139.jpeg PIC2139.jpeg 
ren 1140.jpeg PIC2140.jpeg 
ren 1141.jpeg PIC2141.jpeg 
ren 1142.jpeg PIC2142.jpeg 
ren 1143.jpeg PIC2143.jpeg 
ren 1144.jpeg PIC2144.jpeg 
ren 1145.jpeg PIC2145.jpeg 
ren 1146.jpeg PIC2146.jpeg 
ren 1147.jpeg PIC2147.jpeg 
ren 1148.jpeg PIC2148.jpeg 
ren 1149.jpeg PIC2149.jpeg 
ren 1150.jpeg PIC2150.jpeg 
ren 1151.jpeg PIC2151.jpeg 
ren 1152.jpeg PIC2152.jpeg 
ren 1153.jpeg PIC2153.jpeg 
ren 1154.jpeg PIC2154.jpeg 
ren 1155.jpeg PIC2155.jpeg 
ren 1156.jpeg PIC2156.jpeg 
ren 1157.jpeg PIC2157.jpeg 
ren 1158.jpeg PIC2158.jpeg 
ren 1159.jpeg PIC2159.jpeg 
ren 1160.jpeg PIC2160.jpeg 
ren 1161.jpeg PIC2161.jpeg 
ren 1162.jpeg PIC2162.jpeg 
ren 1163.jpeg PIC2163.jpeg 
ren 1164.jpeg PIC2164.jpeg 
ren 1165.jpeg PIC2165.jpeg 
ren 1166.jpeg PIC2166.jpeg 
ren 1167.jpeg PIC2167.jpeg 
ren 1168.jpeg PIC2168.jpeg 
ren 1169.jpeg PIC2169.jpeg 
ren 1170.jpeg PIC2170.jpeg 
ren 1171.jpeg PIC2171.jpeg 
ren 1172.jpeg PIC2172.jpeg 
ren 1173.jpeg PIC2173.jpeg 
ren 1174.jpeg PIC2174.jpeg 
ren 1175.jpeg PIC2175.jpeg 
ren 1176.jpeg PIC2176.jpeg 
ren 1177.jpeg PIC2177.jpeg 
ren 1178.jpeg PIC2178.jpeg 
ren 1179.jpeg PIC2179.jpeg 
ren 1180.jpeg PIC2180.jpeg 
ren 1181.jpeg PIC2181.jpeg 
ren 1182.jpeg PIC2182.jpeg 
ren 1183.jpeg PIC2183.jpeg 
ren 1184.jpeg PIC2184.jpeg 
ren 1185.jpeg PIC2185.jpeg 
ren 1186.jpeg PIC2186.jpeg 
ren 1187.jpeg PIC2187.jpeg 
ren 1188.jpeg PIC2188.jpeg 
ren 1189.jpeg PIC2189.jpeg 
ren 1190.jpeg PIC2190.jpeg 
ren 1191.jpeg PIC2191.jpeg 
ren 1192.jpeg PIC2192.jpeg 
ren 1193.jpeg PIC2193.jpeg 
ren 1194.jpeg PIC2194.jpeg 
ren 1195.jpeg PIC2195.jpeg 
ren 1196.jpeg PIC2196.jpeg 
ren 1197.jpeg PIC2197.jpeg 
ren 1198.jpeg PIC2198.jpeg 
ren 1199.jpeg PIC2199.jpeg 
ren 1200.jpeg PIC2200.jpeg 
ren 1201.jpeg PIC2201.jpeg 
ren 1202.jpeg PIC2202.jpeg 
ren 1203.jpeg PIC2203.jpeg 
ren 1204.jpeg PIC2204.jpeg 
ren 1205.jpeg PIC2205.jpeg 
ren 1206.jpeg PIC2206.jpeg 
ren 1207.jpeg PIC2207.jpeg 
ren 1208.jpeg PIC2208.jpeg 
ren 1209.jpeg PIC2209.jpeg 
ren 1210.jpeg PIC2210.jpeg 
ren 1211.jpeg PIC2211.jpeg 
ren 1212.jpeg PIC2212.jpeg 
ren 1213.jpeg PIC2213.jpeg 
ren 1214.jpeg PIC2214.jpeg 
ren 1215.jpeg PIC2215.jpeg 
ren 1216.jpeg PIC2216.jpeg 
ren 1217.jpeg PIC2217.jpeg 
ren 1218.jpeg PIC2218.jpeg 
ren 1219.jpeg PIC2219.jpeg 
ren 1220.jpeg PIC2220.jpeg 
ren 1221.jpeg PIC2221.jpeg 
ren 1222.jpeg PIC2222.jpeg 
ren 1223.jpeg PIC2223.jpeg 
ren 1224.jpeg PIC2224.jpeg 
ren 1225.jpeg PIC2225.jpeg 
ren 1226.jpeg PIC2226.jpeg 
ren 1227.jpeg PIC2227.jpeg 
ren 1228.jpeg PIC2228.jpeg 
ren 1229.jpeg PIC2229.jpeg 
ren 1230.jpeg PIC2230.jpeg 
ren 1231.jpeg PIC2231.jpeg 
ren 1232.jpeg PIC2232.jpeg 
ren 1233.jpeg PIC2233.jpeg 
ren 1234.jpeg PIC2234.jpeg 
ren 1235.jpeg PIC2235.jpeg 
ren 1236.jpeg PIC2236.jpeg 
ren 1237.jpeg PIC2237.jpeg 
ren 1238.jpeg PIC2238.jpeg 
ren 1239.jpeg PIC2239.jpeg 
ren 1240.jpeg PIC2240.jpeg 
ren 1241.jpeg PIC2241.jpeg 
ren 1242.jpeg PIC2242.jpeg 
ren 1243.jpeg PIC2243.jpeg 
ren 1244.jpeg PIC2244.jpeg 
ren 1245.jpeg PIC2245.jpeg 
ren 1246.jpeg PIC2246.jpeg 
ren 1247.jpeg PIC2247.jpeg 
ren 1248.jpeg PIC2248.jpeg 
ren 1249.jpeg PIC2249.jpeg 
ren 1250.jpeg PIC2250.jpeg 
ren 1251.jpeg PIC2251.jpeg 
ren 1252.jpeg PIC2252.jpeg 
ren 1253.jpeg PIC2253.jpeg 
ren 1254.jpeg PIC2254.jpeg 
ren 1255.jpeg PIC2255.jpeg 
ren 1256.jpeg PIC2256.jpeg 
ren 1257.jpeg PIC2257.jpeg 
ren 1258.jpeg PIC2258.jpeg 
ren 1259.jpeg PIC2259.jpeg 
ren 1260.jpeg PIC2260.jpeg 
ren 1261.jpeg PIC2261.jpeg 
ren 1262.jpeg PIC2262.jpeg 
ren 1263.jpeg PIC2263.jpeg 
ren 1264.jpeg PIC2264.jpeg 
ren 1265.jpeg PIC2265.jpeg 
ren 1266.jpeg PIC2266.jpeg 
ren 1267.jpeg PIC2267.jpeg 
ren 1268.jpeg PIC2268.jpeg 
ren 1269.jpeg PIC2269.jpeg 
ren 1270.jpeg PIC2270.jpeg 
ren 1271.jpeg PIC2271.jpeg 
ren 1272.jpeg PIC2272.jpeg 
ren 1273.jpeg PIC2273.jpeg 
ren 1274.jpeg PIC2274.jpeg 
ren 1275.jpeg PIC2275.jpeg 
ren 1276.jpeg PIC2276.jpeg 
ren 1277.jpeg PIC2277.jpeg 
ren 1278.jpeg PIC2278.jpeg 
ren 1279.jpeg PIC2279.jpeg 
ren 1280.jpeg PIC2280.jpeg 
ren 1281.jpeg PIC2281.jpeg 
ren 1282.jpeg PIC2282.jpeg 
ren 1283.jpeg PIC2283.jpeg 
ren 1284.jpeg PIC2284.jpeg 
ren 1285.jpeg PIC2285.jpeg 
ren 1286.jpeg PIC2286.jpeg 
ren 1287.jpeg PIC2287.jpeg 
ren 1288.jpeg PIC2288.jpeg 
ren 1289.jpeg PIC2289.jpeg 
ren 1290.jpeg PIC2290.jpeg 
ren 1291.jpeg PIC2291.jpeg 
ren 1292.jpeg PIC2292.jpeg 
ren 1293.jpeg PIC2293.jpeg 
ren 1294.jpeg PIC2294.jpeg 
ren 1295.jpeg PIC2295.jpeg 
ren 1296.jpeg PIC2296.jpeg 
ren 1297.jpeg PIC2297.jpeg 
ren 1298.jpeg PIC2298.jpeg 
ren 1299.jpeg PIC2299.jpeg 
ren 1300.jpeg PIC2300.jpeg 
ren 1301.jpeg PIC2301.jpeg 
ren 1302.jpeg PIC2302.jpeg 
ren 1303.jpeg PIC2303.jpeg 
ren 1304.jpeg PIC2304.jpeg 
ren 1305.jpeg PIC2305.jpeg 
ren 1306.jpeg PIC2306.jpeg 
ren 1307.jpeg PIC2307.jpeg 
ren 1308.jpeg PIC2308.jpeg 
ren 1309.jpeg PIC2309.jpeg 
ren 1310.jpeg PIC2310.jpeg 
ren img2 .jpeg PIC2311.jpeg 
ren 1312.jpeg PIC2312.jpeg 
Success 
ren 1001.jpeg PIC2001.jpg 
ren 1002.jpeg PIC2002.jpg 
ren 1003.jpeg PIC2003.jpg 
ren 1004.jpeg PIC2004.jpg 
ren 1005.jpeg PIC2005.jpg 
ren 1006.jpeg PIC2006.jpg 
ren 1007.jpeg PIC2007.jpg 
ren 1008.jpeg PIC2008.jpg 
ren 1009.jpeg PIC2009.jpg 
ren 1010.jpeg PIC2010.jpg 
ren 1011.jpeg PIC2011.jpg 
ren 1012.jpeg PIC2012.jpg 
ren 1013.jpeg PIC2013.jpg 
ren 1014.jpeg PIC2014.jpg 
ren 1015.jpeg PIC2015.jpg 
ren 1016.jpeg PIC2016.jpg 
ren 1017.jpeg PIC2017.jpg 
ren 1024.jpeg PIC2018.jpg 
ren img2 .jpeg PIC2019.jpg 
Success 
ren 1001.jpeg PIC2001.jpg 
ren 1002.jpeg PIC2002.jpg 
ren 1003.jpeg PIC2003.jpg 
ren 1004.jpeg PIC2004.jpg 
ren 1005.jpeg PIC2005.jpg 
ren 1006.jpeg PIC2006.jpg 
ren 1007.jpeg PIC2007.jpg 
ren 1008.jpeg PIC2008.jpg 
ren 1009.jpeg PIC2009.jpg 
ren 1010.jpeg PIC2010.jpg 
ren 1011.jpeg PIC2011.jpg 
ren 1012.jpeg PIC2012.jpg 
ren 1013.jpeg PIC2013.jpg 
ren 1014.jpeg PIC2014.jpg 
ren 1015.jpeg PIC2015.jpg 
ren 1016.jpeg PIC2016.jpg 
ren 1017.jpeg PIC2017.jpg 
ren 1024.jpeg PIC2018.jpg 
ren img2 .jpeg PIC2019.jpg 
Success 
ren 1001.jpeg PIC2001.jpg 
ren 1002.jpeg PIC2002.jpg 
ren 1003.jpeg PIC2003.jpg 
ren 1004.jpeg PIC2004.jpg 
ren 1005.jpeg PIC2005.jpg 
ren 1006.jpeg PIC2006.jpg 
ren 1007.jpeg PIC2007.jpg 
ren 1008.jpeg PIC2008.jpg 
ren 1009.jpeg PIC2009.jpg 
ren 1010.jpeg PIC2010.jpg 
ren 1011.jpeg PIC2011.jpg 
ren 1012.jpeg PIC2012.jpg 
ren 1013.jpeg PIC2013.jpg 
ren 1014.jpeg PIC2014.jpg 
ren 1015.jpeg PIC2015.jpg 
ren 1016.jpeg PIC2016.jpg 
ren 1017.jpeg PIC2017.jpg 
ren 1024.jpeg PIC2018.jpg 
ren img2 .jpeg PIC2019.jpg 
Success 
ren 03F1G7QSbQ.png PIC2001.png 
ren 03F1FSJF4n.png PIC2002.png 
ren 03ET2RblUi.png PIC2003.png 
Success 
